#
# A fatal error has been detected by the Java Runtime Environment:
#
#  EXCEPTION_ACCESS_VIOLATION (0xc0000005) at pc=0x00000000033c9f2c, pid=16328, tid=0x00000000000046b8
#
# JRE version: Java(TM) SE Runtime Environment (8.0_144-b01) (build 1.8.0_144-b01)
# Java VM: Java HotSpot(TM) 64-Bit Server VM (25.144-b01 mixed mode windows-amd64 compressed oops)
# Problematic frame:
# J 1858 C2 sun.awt.SunToolkit.getAppContext(Ljava/lang/Object;)Lsun/awt/AppContext; (42 bytes) @ 0x00000000033c9f2c [0x00000000033c9f20+0xc]
#
# Failed to write core dump. Minidumps are not enabled by default on client versions of Windows
#
# If you would like to submit a bug report, please visit:
#   http://bugreport.java.com/bugreport/crash.jsp
#

---------------  T H R E A D  ---------------

Current thread (0x0000000019f5e000):  JavaThread "AWT-EventQueue-0" [_thread_in_Java, id=18104, stack(0x000000001b7a0000,0x000000001b8a0000)]

siginfo: ExceptionCode=0xc0000005, reading address 0x000000000ce4a321

Registers:
RAX=0x00000000172ef3f8, RBX=0x0000000000002398, RCX=0x00000000209ddb58, RDX=0x000000000ce4a319
RSP=0x000000001b899430, RBP=0x000000001b899520, RSI=0x000000000ce4a319, RDI=0x0000000000000108
R8 =0x00000010f87f4809, R9 =0x0000000081f72380, R10=0x0000000067aff240, R11=0x00000000030b8fe0
R12=0x0000000000000000, R13=0x000000001b8994d8, R14=0x000000001b899530, R15=0x0000000019f5e000
RIP=0x00000000033c9f2c, EFLAGS=0x0000000000010206

Top of Stack: (sp=0x000000001b899430)
0x000000001b899430:   000000001b8994d0 0000000002dd99e7
0x000000001b899440:   000000001b8994a8 0000000002dc80e0
0x000000001b899450:   000000001b899520 00000000030b907c
0x000000001b899460:   0000000082d3fe10 000000001b899468
0x000000001b899470:   0000000017467329 000000001b8994b8
0x000000001b899480:   0000000017468c28 0000000022173760
0x000000001b899490:   000000000ce4a319 0000000000000000
0x000000001b8994a0:   000000001b8994b8 000000001b899510
0x000000001b8994b0:   0000000081f72380 00000000d7e0a458
0x000000001b8994c0:   000000001b899520 0000000002dc80e0
0x000000001b8994d0:   0000000002dc80e0 000000000ce4a319
0x000000001b8994e0:   000000001b8994e0 000000001bd11b05
0x000000001b8994f0:   000000001b899530 00000000209ddb58
0x000000001b899500:   000000002217a370 000000001bd11b18
0x000000001b899510:   000000001b8994d8 000000001b899530
0x000000001b899520:   000000001b899578 0000000002dc80e0 

Instructions: (pc=0x00000000033c9f2c)
0x00000000033c9f0c:   00 00 00 00 00 00 00 00 00 00 00 00 00 00 00 00
0x00000000033c9f1c:   00 00 00 00 89 84 24 00 a0 ff ff 55 48 83 ec 20
0x00000000033c9f2c:   44 8b 52 08 49 c1 e2 03 4d 8b 52 30 49 bb 70 6e
0x00000000033c9f3c:   04 00 01 00 00 00 4d 3b d3 75 2e 49 ba 30 86 c1 


Register to memory mapping:

RAX={method} {0x00000000172ef400} 'targetToAppContext' '(Ljava/lang/Object;)Lsun/awt/AppContext;' in 'sun/awt/SunToolkit'
RBX=0x0000000000002398 is an unknown value
RCX=0x00000000209ddb58 is pointing into metadata
RDX=0x000000000ce4a319 is an unknown value
RSP=0x000000001b899430 is pointing into the stack for thread: 0x0000000019f5e000
RBP=0x000000001b899520 is pointing into the stack for thread: 0x0000000019f5e000
RSI=0x000000000ce4a319 is an unknown value
RDI=0x0000000000000108 is an unknown value
R8 =0x00000010f87f4809 is an unknown value
R9 =0x0000000081f72380 is an oop
java.lang.Class 
 - klass: 'java/lang/Class'
R10=0x0000000067aff240 is an unknown value
R11=0x00000000030b8fe0 is at entry_point+0 in (nmethod*)0x00000000030b8e50
R12=0x0000000000000000 is an unknown value
R13=0x000000001b8994d8 is pointing into the stack for thread: 0x0000000019f5e000
R14=0x000000001b899530 is pointing into the stack for thread: 0x0000000019f5e000
R15=0x0000000019f5e000 is a thread


Stack: [0x000000001b7a0000,0x000000001b8a0000],  sp=0x000000001b899430,  free space=997k
Native frames: (J=compiled Java code, j=interpreted, Vv=VM code, C=native code)
C  0x00000000033c9f2c


---------------  P R O C E S S  ---------------

Java Threads: ( => current thread )
  0x0000000019668800 JavaThread "Test Transmitter" [_thread_blocked, id=4068, stack(0x00000000222e0000,0x00000000223e0000)]
  0x000000001a561800 JavaThread "TimerQueue" daemon [_thread_blocked, id=6720, stack(0x0000000021fe0000,0x00000000220e0000)]
  0x0000000002b9d800 JavaThread "DestroyJavaVM" [_thread_blocked, id=14144, stack(0x0000000002bc0000,0x0000000002cc0000)]
  0x0000000019f12000 JavaThread "main-AWTAnimator#00" [_thread_blocked, id=4700, stack(0x00000000207a0000,0x00000000208a0000)]
  0x000000001a11e800 JavaThread "main-SharedResourceRunner" daemon [_thread_blocked, id=22284, stack(0x000000001baa0000,0x000000001bba0000)]
=>0x0000000019f5e000 JavaThread "AWT-EventQueue-0" [_thread_in_Java, id=18104, stack(0x000000001b7a0000,0x000000001b8a0000)]
  0x0000000019754000 JavaThread "AWT-Windows" daemon [_thread_in_native, id=21384, stack(0x000000001a730000,0x000000001a830000)]
  0x0000000019753800 JavaThread "AWT-Shutdown" [_thread_blocked, id=1564, stack(0x000000001a630000,0x000000001a730000)]
  0x0000000019751800 JavaThread "Java2D Disposer" daemon [_thread_blocked, id=10536, stack(0x0000000019d30000,0x0000000019e30000)]
  0x000000001939d800 JavaThread "Service Thread" daemon [_thread_blocked, id=22048, stack(0x0000000019770000,0x0000000019870000)]
  0x000000001793c000 JavaThread "C1 CompilerThread2" daemon [_thread_blocked, id=11952, stack(0x0000000019270000,0x0000000019370000)]
  0x0000000017916800 JavaThread "C2 CompilerThread1" daemon [_thread_blocked, id=18624, stack(0x0000000019170000,0x0000000019270000)]
  0x000000001790d000 JavaThread "C2 CompilerThread0" daemon [_thread_blocked, id=2608, stack(0x0000000019070000,0x0000000019170000)]
  0x000000001790b000 JavaThread "Attach Listener" daemon [_thread_blocked, id=19780, stack(0x0000000018f70000,0x0000000019070000)]
  0x000000001790a000 JavaThread "Signal Dispatcher" daemon [_thread_blocked, id=23468, stack(0x0000000018e70000,0x0000000018f70000)]
  0x00000000178fa800 JavaThread "Finalizer" daemon [_thread_blocked, id=13948, stack(0x0000000018b80000,0x0000000018c80000)]
  0x00000000178d9000 JavaThread "Reference Handler" daemon [_thread_blocked, id=10736, stack(0x0000000018a80000,0x0000000018b80000)]

Other Threads:
  0x00000000178d7000 VMThread [stack: 0x0000000018980000,0x0000000018a80000] [id=18396]
  0x00000000193a3800 WatcherThread [stack: 0x0000000019870000,0x0000000019970000] [id=16556]

VM state:not at safepoint (normal execution)

VM Mutex/Monitor currently owned by a thread: None

Heap:
 PSYoungGen      total 38400K, used 32111K [0x00000000d5d80000, 0x00000000d8800000, 0x0000000100000000)
  eden space 33280K, 81% used [0x00000000d5d80000,0x00000000d77e3e30,0x00000000d7e00000)
  from space 5120K, 99% used [0x00000000d7e00000,0x00000000d82f8010,0x00000000d8300000)
  to   space 5120K, 0% used [0x00000000d8300000,0x00000000d8300000,0x00000000d8800000)
 ParOldGen       total 87552K, used 24680K [0x0000000081800000, 0x0000000086d80000, 0x00000000d5d80000)
  object space 87552K, 28% used [0x0000000081800000,0x000000008301a3b0,0x0000000086d80000)
 Metaspace       used 20264K, capacity 20486K, committed 20864K, reserved 1067008K
  class space    used 2296K, capacity 2376K, committed 2432K, reserved 1048576K

Card table byte_map: [0x0000000012180000,0x0000000012580000] byte_map_base: 0x0000000011d74000

Marking Bits: (ParMarkBitMap*) 0x0000000067b1d850
 Begin Bits: [0x0000000012c30000, 0x0000000014bd0000)
 End Bits:   [0x0000000014bd0000, 0x0000000016b70000)

Polling page: 0x0000000001470000

CodeCache: size=245760Kb used=9927Kb max_used=9953Kb free=235832Kb
 bounds [0x0000000002dc0000, 0x0000000003790000, 0x0000000011dc0000]
 total_blobs=3718 nmethods=2828 adapters=801
 compilation: enabled

Compilation events (10 events):
Event: 23.200 Thread 0x0000000017916800 nmethod 2852 0x0000000003749e90 code [0x0000000003749fe0, 0x000000000374a0a8]
Event: 23.210 Thread 0x000000001790d000 nmethod 2796 0x000000000375ee10 code [0x00000000037605c0, 0x000000000376d528]
Event: 23.230 Thread 0x000000001793c000 2853       3       main.AutoScale::update (575 bytes)
Event: 23.232 Thread 0x000000001793c000 nmethod 2853 0x000000000375ac10 code [0x000000000375b000, 0x000000000375dd58]
Event: 23.232 Thread 0x000000001793c000 2854       3       sun.misc.FormattedFloatingDecimal::applyPrecision (162 bytes)
Event: 23.232 Thread 0x000000001793c000 nmethod 2854 0x000000000374ddd0 code [0x000000000374dfa0, 0x000000000374e5c8]
Event: 23.279 Thread 0x0000000017916800 2855       4       java.util.Formatter$FormatSpecifier::localizedMagnitude (327 bytes)
Event: 23.296 Thread 0x000000001790d000 2856       4       java.awt.geom.AffineTransform::equals (92 bytes)
Event: 23.297 Thread 0x000000001790d000 nmethod 2856 0x000000000374d850 code [0x000000000374d9a0, 0x000000000374dbd8]
Event: 23.319 Thread 0x0000000017916800 nmethod 2855 0x0000000003754690 code [0x0000000003754860, 0x0000000003756368]

GC Heap History (6 events):
Event: 1.555 GC heap before
{Heap before GC invocations=1 (full 0):
 PSYoungGen      total 38400K, used 33280K [0x00000000d5d80000, 0x00000000d8800000, 0x0000000100000000)
  eden space 33280K, 100% used [0x00000000d5d80000,0x00000000d7e00000,0x00000000d7e00000)
  from space 5120K, 0% used [0x00000000d8300000,0x00000000d8300000,0x00000000d8800000)
  to   space 5120K, 0% used [0x00000000d7e00000,0x00000000d7e00000,0x00000000d8300000)
 ParOldGen       total 87552K, used 0K [0x0000000081800000, 0x0000000086d80000, 0x00000000d5d80000)
  object space 87552K, 0% used [0x0000000081800000,0x0000000081800000,0x0000000086d80000)
 Metaspace       used 13801K, capacity 13976K, committed 14336K, reserved 1062912K
  class space    used 1431K, capacity 1501K, committed 1536K, reserved 1048576K
Event: 1.566 GC heap after
Heap after GC invocations=1 (full 0):
 PSYoungGen      total 38400K, used 5092K [0x00000000d5d80000, 0x00000000d8800000, 0x0000000100000000)
  eden space 33280K, 0% used [0x00000000d5d80000,0x00000000d5d80000,0x00000000d7e00000)
  from space 5120K, 99% used [0x00000000d7e00000,0x00000000d82f9250,0x00000000d8300000)
  to   space 5120K, 0% used [0x00000000d8300000,0x00000000d8300000,0x00000000d8800000)
 ParOldGen       total 87552K, used 227K [0x0000000081800000, 0x0000000086d80000, 0x00000000d5d80000)
  object space 87552K, 0% used [0x0000000081800000,0x0000000081838ec0,0x0000000086d80000)
 Metaspace       used 13801K, capacity 13976K, committed 14336K, reserved 1062912K
  class space    used 1431K, capacity 1501K, committed 1536K, reserved 1048576K
}
Event: 8.983 GC heap before
{Heap before GC invocations=2 (full 0):
 PSYoungGen      total 38400K, used 38174K [0x00000000d5d80000, 0x00000000d8800000, 0x0000000100000000)
  eden space 33280K, 99% used [0x00000000d5d80000,0x00000000d7dce708,0x00000000d7e00000)
  from space 5120K, 99% used [0x00000000d7e00000,0x00000000d82f9250,0x00000000d8300000)
  to   space 5120K, 0% used [0x00000000d8300000,0x00000000d8300000,0x00000000d8800000)
 ParOldGen       total 87552K, used 227K [0x0000000081800000, 0x0000000086d80000, 0x00000000d5d80000)
  object space 87552K, 0% used [0x0000000081800000,0x0000000081838ec0,0x0000000086d80000)
 Metaspace       used 18207K, capacity 18438K, committed 18816K, reserved 1067008K
  class space    used 2091K, capacity 2148K, committed 2176K, reserved 1048576K
Event: 8.992 GC heap after
Heap after GC invocations=2 (full 0):
 PSYoungGen      total 38400K, used 4642K [0x00000000d5d80000, 0x00000000d8800000, 0x0000000100000000)
  eden space 33280K, 0% used [0x00000000d5d80000,0x00000000d5d80000,0x00000000d7e00000)
  from space 5120K, 90% used [0x00000000d8300000,0x00000000d87889e8,0x00000000d8800000)
  to   space 5120K, 0% used [0x00000000d7e00000,0x00000000d7e00000,0x00000000d8300000)
 ParOldGen       total 87552K, used 11742K [0x0000000081800000, 0x0000000086d80000, 0x00000000d5d80000)
  object space 87552K, 13% used [0x0000000081800000,0x0000000082377ae0,0x0000000086d80000)
 Metaspace       used 18207K, capacity 18438K, committed 18816K, reserved 1067008K
  class space    used 2091K, capacity 2148K, committed 2176K, reserved 1048576K
}
Event: 19.211 GC heap before
{Heap before GC invocations=3 (full 0):
 PSYoungGen      total 38400K, used 37922K [0x00000000d5d80000, 0x00000000d8800000, 0x0000000100000000)
  eden space 33280K, 100% used [0x00000000d5d80000,0x00000000d7e00000,0x00000000d7e00000)
  from space 5120K, 90% used [0x00000000d8300000,0x00000000d87889e8,0x00000000d8800000)
  to   space 5120K, 0% used [0x00000000d7e00000,0x00000000d7e00000,0x00000000d8300000)
 ParOldGen       total 87552K, used 11742K [0x0000000081800000, 0x0000000086d80000, 0x00000000d5d80000)
  object space 87552K, 13% used [0x0000000081800000,0x0000000082377ae0,0x0000000086d80000)
 Metaspace       used 19455K, capacity 19680K, committed 20096K, reserved 1067008K
  class space    used 2253K, capacity 2343K, committed 2432K, reserved 1048576K
Event: 19.220 GC heap after
Heap after GC invocations=3 (full 0):
 PSYoungGen      total 38400K, used 5088K [0x00000000d5d80000, 0x00000000d8800000, 0x0000000100000000)
  eden space 33280K, 0% used [0x00000000d5d80000,0x00000000d5d80000,0x00000000d7e00000)
  from space 5120K, 99% used [0x00000000d7e00000,0x00000000d82f8010,0x00000000d8300000)
  to   space 5120K, 0% used [0x00000000d8300000,0x00000000d8300000,0x00000000d8800000)
 ParOldGen       total 87552K, used 24680K [0x0000000081800000, 0x0000000086d80000, 0x00000000d5d80000)
  object space 87552K, 28% used [0x0000000081800000,0x000000008301a3b0,0x0000000086d80000)
 Metaspace       used 19455K, capacity 19680K, committed 20096K, reserved 1067008K
  class space    used 2253K, capacity 2343K, committed 2432K, reserved 1048576K
}

Deoptimization events (10 events):
Event: 19.783 Thread 0x0000000019f5e000 Uncommon trap: reason=array_check action=maybe_recompile pc=0x00000000035df474 method=java.util.ComparableTimSort.binarySort([Ljava/lang/Object;III)V @ 183
Event: 19.799 Thread 0x0000000019f5e000 Uncommon trap: reason=array_check action=maybe_recompile pc=0x00000000035e3560 method=java.util.ComparableTimSort.binarySort([Ljava/lang/Object;III)V @ 193
Event: 19.799 Thread 0x0000000019f5e000 Uncommon trap: reason=array_check action=maybe_recompile pc=0x00000000035e3560 method=java.util.ComparableTimSort.binarySort([Ljava/lang/Object;III)V @ 193
Event: 19.816 Thread 0x0000000019f5e000 Uncommon trap: reason=array_check action=maybe_recompile pc=0x00000000035e10ac method=java.util.ComparableTimSort.binarySort([Ljava/lang/Object;III)V @ 215
Event: 19.816 Thread 0x0000000019f5e000 Uncommon trap: reason=array_check action=maybe_recompile pc=0x00000000035e10ac method=java.util.ComparableTimSort.binarySort([Ljava/lang/Object;III)V @ 215
Event: 19.949 Thread 0x0000000019f5e000 Uncommon trap: reason=predicate action=maybe_recompile pc=0x0000000003602f38 method=java.util.AbstractCollection.toArray([Ljava/lang/Object;)[Ljava/lang/Object; @ 49
Event: 19.982 Thread 0x0000000019f5e000 Uncommon trap: reason=array_check action=maybe_recompile pc=0x00000000036024ec method=java.util.AbstractCollection.toArray([Ljava/lang/Object;)[Ljava/lang/Object; @ 119
Event: 19.982 Thread 0x0000000019f5e000 Uncommon trap: reason=array_check action=maybe_recompile pc=0x00000000036024ec method=java.util.AbstractCollection.toArray([Ljava/lang/Object;)[Ljava/lang/Object; @ 119
Event: 19.982 Thread 0x0000000019f5e000 Uncommon trap: reason=array_check action=maybe_recompile pc=0x00000000036024ec method=java.util.AbstractCollection.toArray([Ljava/lang/Object;)[Ljava/lang/Object; @ 119
Event: 19.982 Thread 0x0000000019f5e000 Uncommon trap: reason=array_check action=maybe_recompile pc=0x00000000036024ec method=java.util.AbstractCollection.toArray([Ljava/lang/Object;)[Ljava/lang/Object; @ 119

Internal exceptions (10 events):
Event: 0.144 Thread 0x0000000002b9d800 Exception <a 'java/security/PrivilegedActionException'> (0x00000000d5e0b490) thrown at [C:\re\workspace\8-2-build-windows-amd64-cygwin\jdk8u144\9417\hotspot\src\share\vm\prims\jvm.cpp, line 1390]
Event: 0.144 Thread 0x0000000002b9d800 Exception <a 'java/security/PrivilegedActionException'> (0x00000000d5e0b6a0) thrown at [C:\re\workspace\8-2-build-windows-amd64-cygwin\jdk8u144\9417\hotspot\src\share\vm\prims\jvm.cpp, line 1390]
Event: 0.145 Thread 0x0000000002b9d800 Exception <a 'java/security/PrivilegedActionException'> (0x00000000d5e0f310) thrown at [C:\re\workspace\8-2-build-windows-amd64-cygwin\jdk8u144\9417\hotspot\src\share\vm\prims\jvm.cpp, line 1390]
Event: 0.145 Thread 0x0000000002b9d800 Exception <a 'java/security/PrivilegedActionException'> (0x00000000d5e0f520) thrown at [C:\re\workspace\8-2-build-windows-amd64-cygwin\jdk8u144\9417\hotspot\src\share\vm\prims\jvm.cpp, line 1390]
Event: 0.158 Thread 0x0000000002b9d800 Exception <a 'java/io/FileNotFoundException'> (0x00000000d5ecf520) thrown at [C:\re\workspace\8-2-build-windows-amd64-cygwin\jdk8u144\9417\hotspot\src\share\vm\prims\jni.cpp, line 709]
Event: 0.199 Thread 0x0000000002b9d800 Exception <a 'java/lang/NoSuchFieldError': method resolution failed> (0x00000000d5f9cdc0) thrown at [C:\re\workspace\8-2-build-windows-amd64-cygwin\jdk8u144\9417\hotspot\src\share\vm\prims\methodHandles.cpp, line 1146]
Event: 0.201 Thread 0x0000000002b9d800 Exception <a 'java/lang/NoSuchFieldError': method resolution failed> (0x00000000d5faa190) thrown at [C:\re\workspace\8-2-build-windows-amd64-cygwin\jdk8u144\9417\hotspot\src\share\vm\prims\methodHandles.cpp, line 1146]
Event: 0.267 Thread 0x0000000002b9d800 Exception <a 'java/io/FileNotFoundException'> (0x00000000d605b6d0) thrown at [C:\re\workspace\8-2-build-windows-amd64-cygwin\jdk8u144\9417\hotspot\src\share\vm\prims\jni.cpp, line 709]
Event: 1.902 Thread 0x0000000002b9d800 Exception <a 'java/lang/reflect/InvocationTargetException'> (0x00000000d6bc8668) thrown at [C:\re\workspace\8-2-build-windows-amd64-cygwin\jdk8u144\9417\hotspot\src\share\vm\runtime\reflection.cpp, line 1092]
Event: 19.262 Thread 0x0000000019f5e000 Implicit null exception at 0x000000000340e515 to 0x000000000340e651

Events (10 events):
Event: 20.070 Executing VM operation: RevokeBias
Event: 20.070 Executing VM operation: RevokeBias done
Event: 20.073 Executing VM operation: RevokeBias
Event: 20.073 Executing VM operation: RevokeBias done
Event: 20.074 Executing VM operation: RevokeBias
Event: 20.074 Executing VM operation: RevokeBias done
Event: 21.018 loading class com/jogamp/opengl/util/awt/TextRenderer$1
Event: 21.018 loading class com/jogamp/opengl/util/awt/TextRenderer$1 done
Event: 23.230 Thread 0x0000000019f5e000 DEOPT PACKING pc=0x0000000003606fc9 sp=0x000000001b89d020
Event: 23.230 Thread 0x0000000019f5e000 DEOPT UNPACKING pc=0x0000000002e0787f sp=0x000000001b89cce8 mode 0


Dynamic libraries:
0x00007ff685190000 - 0x00007ff6851c7000 	C:\Program Files\Java\jre1.8.0_144\bin\javaw.exe
0x00007ffe1be70000 - 0x00007ffe1c04b000 	C:\WINDOWS\SYSTEM32\ntdll.dll
0x00007ffe1afa0000 - 0x00007ffe1b04e000 	C:\WINDOWS\System32\KERNEL32.DLL
0x00007ffe18b40000 - 0x00007ffe18d89000 	C:\WINDOWS\System32\KERNELBASE.dll
0x00007ffe1bd00000 - 0x00007ffe1bda1000 	C:\WINDOWS\System32\ADVAPI32.dll
0x00007ffe1b250000 - 0x00007ffe1b2ed000 	C:\WINDOWS\System32\msvcrt.dll
0x00007ffe1aa00000 - 0x00007ffe1aa59000 	C:\WINDOWS\System32\sechost.dll
0x00007ffe1b2f0000 - 0x00007ffe1b415000 	C:\WINDOWS\System32\RPCRT4.dll
0x00007ffe1b050000 - 0x00007ffe1b19a000 	C:\WINDOWS\System32\USER32.dll
0x00007ffe18f30000 - 0x00007ffe18f4e000 	C:\WINDOWS\System32\win32u.dll
0x00007ffe1b5f0000 - 0x00007ffe1b617000 	C:\WINDOWS\System32\GDI32.dll
0x00007ffe19070000 - 0x00007ffe191f8000 	C:\WINDOWS\System32\gdi32full.dll
0x00007ffe18e90000 - 0x00007ffe18f2a000 	C:\WINDOWS\System32\msvcp_win.dll
0x00007ffe18d90000 - 0x00007ffe18e86000 	C:\WINDOWS\System32\ucrtbase.dll
0x00007ffe087b0000 - 0x00007ffe08a17000 	C:\WINDOWS\WinSxS\amd64_microsoft.windows.common-controls_6595b64144ccf1df_6.0.15063.483_none_26002d27e7c744a2\COMCTL32.dll
0x00007ffe1ac30000 - 0x00007ffe1af29000 	C:\WINDOWS\System32\combase.dll
0x00007ffe18f50000 - 0x00007ffe18fba000 	C:\WINDOWS\System32\bcryptPrimitives.dll
0x00007ffe19440000 - 0x00007ffe1946d000 	C:\WINDOWS\System32\IMM32.DLL
0x0000000069360000 - 0x0000000069399000 	C:\PROGRA~2\Sophos\SOPHOS~1\SOPHOS~2.DLL
0x00007ffe1bc60000 - 0x00007ffe1bc68000 	C:\WINDOWS\System32\PSAPI.DLL
0x00000000670a0000 - 0x0000000067172000 	C:\Program Files\Java\jre1.8.0_144\bin\msvcr100.dll
0x0000000067300000 - 0x0000000067b9d000 	C:\Program Files\Java\jre1.8.0_144\bin\server\jvm.dll
0x00007ffe14850000 - 0x00007ffe14859000 	C:\WINDOWS\SYSTEM32\WSOCK32.dll
0x00007ffe1af30000 - 0x00007ffe1af9c000 	C:\WINDOWS\System32\WS2_32.dll
0x00007ffe167f0000 - 0x00007ffe167fa000 	C:\WINDOWS\SYSTEM32\VERSION.dll
0x00007ffe11250000 - 0x00007ffe11273000 	C:\WINDOWS\SYSTEM32\WINMM.dll
0x00007ffe11220000 - 0x00007ffe1124b000 	C:\WINDOWS\SYSTEM32\WINMMBASE.dll
0x00007ffe18fc0000 - 0x00007ffe19009000 	C:\WINDOWS\System32\cfgmgr32.dll
0x00000000690d0000 - 0x00000000690df000 	C:\Program Files\Java\jre1.8.0_144\bin\verify.dll
0x00000000671f0000 - 0x0000000067219000 	C:\Program Files\Java\jre1.8.0_144\bin\java.dll
0x00000000690b0000 - 0x00000000690c6000 	C:\Program Files\Java\jre1.8.0_144\bin\zip.dll
0x00007ffe19470000 - 0x00007ffe1a8a6000 	C:\WINDOWS\System32\SHELL32.dll
0x00007ffe1b1a0000 - 0x00007ffe1b24a000 	C:\WINDOWS\System32\shcore.dll
0x00007ffe18390000 - 0x00007ffe18a83000 	C:\WINDOWS\System32\windows.storage.dll
0x00007ffe1bc00000 - 0x00007ffe1bc51000 	C:\WINDOWS\System32\shlwapi.dll
0x00007ffe18350000 - 0x00007ffe18361000 	C:\WINDOWS\System32\kernel.appcore.dll
0x00007ffe182e0000 - 0x00007ffe1832c000 	C:\WINDOWS\System32\powrprof.dll
0x00007ffe18330000 - 0x00007ffe18345000 	C:\WINDOWS\System32\profapi.dll
0x0000000066f00000 - 0x0000000067098000 	C:\Program Files\Java\jre1.8.0_144\bin\awt.dll
0x00007ffe1b420000 - 0x00007ffe1b4e0000 	C:\WINDOWS\System32\OLEAUT32.dll
0x00007ffe15fa0000 - 0x00007ffe1601e000 	C:\WINDOWS\SYSTEM32\apphelp.dll
0x00007ffe16130000 - 0x00007ffe161c5000 	C:\WINDOWS\system32\uxtheme.dll
0x00007ffe1aac0000 - 0x00007ffe1ac26000 	C:\WINDOWS\System32\MSCTF.dll
0x00007ffe10a40000 - 0x00007ffe10a6a000 	C:\WINDOWS\system32\dwmapi.dll
0x00007ffe1a8b0000 - 0x00007ffe1a9f5000 	C:\WINDOWS\System32\ole32.dll
0x00007ffdf9ad0000 - 0x00007ffdf9bf1000 	C:\WINDOWS\system32\opengl32.dll
0x00007ffdf9e50000 - 0x00007ffdf9e7c000 	C:\WINDOWS\SYSTEM32\GLU32.dll
0x0000000066eb0000 - 0x0000000066ef7000 	C:\Program Files\Java\jre1.8.0_144\bin\fontmanager.dll
0x00000000671d0000 - 0x00000000671ea000 	C:\Program Files\Java\jre1.8.0_144\bin\net.dll
0x00007ffe17860000 - 0x00007ffe178bc000 	C:\WINDOWS\system32\mswsock.dll
0x00000000671b0000 - 0x00000000671c1000 	C:\Program Files\Java\jre1.8.0_144\bin\nio.dll
0x00007ffe18010000 - 0x00007ffe18027000 	C:\WINDOWS\SYSTEM32\CRYPTSP.dll
0x00007ffe17480000 - 0x00007ffe174b4000 	C:\WINDOWS\system32\rsaenh.dll
0x00007ffe181b0000 - 0x00007ffe181d5000 	C:\WINDOWS\SYSTEM32\bcrypt.dll
0x00007ffe18210000 - 0x00007ffe18239000 	C:\WINDOWS\SYSTEM32\USERENV.dll
0x00007ffe17a00000 - 0x00007ffe17a0b000 	C:\WINDOWS\SYSTEM32\CRYPTBASE.dll
0x00007ffe17600000 - 0x00007ffe17637000 	C:\WINDOWS\SYSTEM32\IPHLPAPI.DLL
0x00007ffe19430000 - 0x00007ffe19438000 	C:\WINDOWS\System32\NSI.dll
0x00007ffe11a30000 - 0x00007ffe11a46000 	C:\WINDOWS\SYSTEM32\dhcpcsvc6.DLL
0x00007ffe11700000 - 0x00007ffe1171a000 	C:\WINDOWS\SYSTEM32\dhcpcsvc.DLL
0x00000000637c0000 - 0x00000000637cd000 	C:\Users\Charu Bhargava\AppData\Local\Temp\jogamp_0000\file_cache\jln6077767565291649506\jln3460215967236237440\natives\windows-amd64\gluegen-rt.dll
0x0000000066ea0000 - 0x0000000066ea7000 	C:\Program Files\Java\jre1.8.0_144\bin\jawt.dll
0x000000006a440000 - 0x000000006a44d000 	C:\Users\Charu Bhargava\AppData\Local\Temp\jogamp_0000\file_cache\jln6077767565291649506\jln3460215967236237440\natives\windows-amd64\nativewindow_awt.dll
0x000000006c100000 - 0x000000006c10f000 	C:\Users\Charu Bhargava\AppData\Local\Temp\jogamp_0000\file_cache\jln6077767565291649506\jln3460215967236237440\natives\windows-amd64\nativewindow_win32.dll
0x0000000064500000 - 0x00000000645b1000 	C:\Users\Charu Bhargava\AppData\Local\Temp\jogamp_0000\file_cache\jln6077767565291649506\jln3460215967236237440\natives\windows-amd64\jogl_desktop.dll
0x0000000064340000 - 0x00000000643a2000 	C:\Users\Charu Bhargava\AppData\Local\Temp\jogamp_0000\file_cache\jln6077767565291649506\jln3460215967236237440\natives\windows-amd64\jogl_mobile.dll
0x00007ffdccc30000 - 0x00007ffdcd97a000 	C:\WINDOWS\System32\DriverStore\FileRepository\igdlh64.inf_amd64_463164d40c3d26ce\ig9icd64.dll
0x00007ffe14830000 - 0x00007ffe14843000 	C:\WINDOWS\SYSTEM32\WTSAPI32.dll
0x00007ffe0b820000 - 0x00007ffe0c97d000 	C:\WINDOWS\System32\DriverStore\FileRepository\igdlh64.inf_amd64_463164d40c3d26ce\igc64.dll
0x0000000066e50000 - 0x0000000066e92000 	C:\Program Files\Java\jre1.8.0_144\bin\t2k.dll
0x00007ffe111f0000 - 0x00007ffe1120b000 	C:\Users\Charu Bhargava\AppData\Local\Temp\1506195348354-jSerialComm.dll
0x00007ffe1bdb0000 - 0x00007ffe1be4e000 	C:\WINDOWS\System32\clbcatq.dll
0x00007ffe0e2f0000 - 0x00007ffe0e49c000 	C:\WINDOWS\SYSTEM32\WindowsCodecs.dll
0x00007ffdf8af0000 - 0x00007ffdf8b37000 	C:\WINDOWS\system32\dataexchange.dll
0x00007ffe15ad0000 - 0x00007ffe15bf2000 	C:\WINDOWS\system32\dcomp.dll
0x00007ffe14d10000 - 0x00007ffe14fef000 	C:\WINDOWS\system32\d3d11.dll
0x00007ffe16850000 - 0x00007ffe168f4000 	C:\WINDOWS\system32\dxgi.dll
0x00007ffe16410000 - 0x00007ffe16580000 	C:\WINDOWS\system32\twinapi.appcore.dll
0x00007ffe102a0000 - 0x00007ffe10322000 	C:\WINDOWS\System32\TextInputFramework.dll
0x00007ffe0ffc0000 - 0x00007ffe10292000 	C:\WINDOWS\System32\CoreUIComponents.dll
0x00007ffe171c0000 - 0x00007ffe171f1000 	C:\WINDOWS\SYSTEM32\ntmarta.dll
0x00007ffe155a0000 - 0x00007ffe15683000 	C:\WINDOWS\System32\CoreMessaging.dll
0x00007ffe149a0000 - 0x00007ffe149b5000 	C:\WINDOWS\SYSTEM32\usermgrcli.dll
0x00007ffe142e0000 - 0x00007ffe14419000 	C:\WINDOWS\SYSTEM32\wintypes.dll
0x00007ffe17e60000 - 0x00007ffe18009000 	C:\WINDOWS\SYSTEM32\dbghelp.dll

VM Arguments:
jvm_args: -Dfile.encoding=Cp1252 
java_command: main.Main
java_class_path (initial): D:\BEST\new_m2m_ui\m2mgraphs\bin;D:\BEST\new_m2m_ui\m2mgraphs\lib\gluegen-rt-natives-windows-amd64.jar;D:\BEST\new_m2m_ui\m2mgraphs\lib\gluegen-rt.jar;D:\BEST\new_m2m_ui\m2mgraphs\lib\jogl-all-natives-windows-amd64.jar;D:\BEST\new_m2m_ui\m2mgraphs\lib\jogl-all.jar;D:\BEST\new_m2m_ui\m2mgraphs\lib\commons-math3-3.6.1.jar;D:\BEST\new_m2m_ui\m2mgraphs\lib\jcommon-1.0.23.jar;D:\BEST\new_m2m_ui\m2mgraphs\lib\jfreechart-1.0.19.jar;D:\BEST\new_m2m_ui\m2mgraphs\lib\jSerialComm-1.3.11.jar
Launcher Type: SUN_STANDARD

Environment Variables:
PATH=C:/Program Files/Java/jre1.8.0_144/bin/server;C:/Program Files/Java/jre1.8.0_144/bin;C:/Program Files/Java/jre1.8.0_144/lib/amd64;C:\ProgramData\Oracle\Java\javapath;C:\Program Files (x86)\Intel\iCLS Client\;C:\Program Files\Intel\iCLS Client\;C:\WINDOWS\system32;C:\WINDOWS;C:\WINDOWS\System32\Wbem;C:\WINDOWS\System32\WindowsPowerShell\v1.0\;C:\Program Files (x86)\Intel\Intel(R) Management Engine Components\DAL;C:\Program Files\Intel\Intel(R) Management Engine Components\DAL;C:\Program Files (x86)\Intel\Intel(R) Management Engine Components\IPT;C:\Program Files\Intel\Intel(R) Management Engine Components\IPT;C:\Program Files\Intel\WiFi\bin\;C:\Program Files\Common Files\Intel\WirelessCommon\;C:\Program Files\PuTTY\;C:\Program Files\MySQL\MySQL Utilities 1.6\;C:\Python27;C:\Python27\Lib\site-packages;C:\Python27\Scripts;C:\Users\Charu Bhargava\AppData\Local\Microsoft\WindowsApps;;C:\altera\15.0\modelsim_ase\win32aloem;C:\Program Files\Microsoft VS Code\bin;C:\Users\Charu Bhargava\Downloads\eclipse-java-neon-R-win32-x86_64\eclipse;
USERNAME=Charu Bhargava
OS=Windows_NT
PROCESSOR_IDENTIFIER=Intel64 Family 6 Model 78 Stepping 3, GenuineIntel



---------------  S Y S T E M  ---------------

OS: Windows 10.0 , 64 bit Build 15063 (10.0.15063.296)

CPU:total 4 (initial active 4) (2 cores per cpu, 2 threads per core) family 6 model 78 stepping 3, cmov, cx8, fxsr, mmx, sse, sse2, sse3, ssse3, sse4.1, sse4.2, popcnt, avx, avx2, aes, clmul, erms, 3dnowpref, lzcnt, ht, tsc, tscinvbit, bmi1, bmi2, adx

Memory: 4k page, physical 8285244k(3193188k free), swap 10251324k(2262692k free)

vm_info: Java HotSpot(TM) 64-Bit Server VM (25.144-b01) for windows-amd64 JRE (1.8.0_144-b01), built on Jul 21 2017 21:57:33 by "java_re" with MS VC++ 10.0 (VS2010)

time: Sat Sep 23 12:36:09 2017
elapsed time: 23 seconds (0d 0h 0m 23s)

